Building DAG of jobs...
Using shell: /usr/bin/bash
Provided cores: 12
Rules claiming more threads will be scaled down.
Job counts:
	count	jobs
	1	all
	1	design_probes
	1	finish
	1	gather_repeat_regions
	1	generate_jf_count
	1	generate_jf_idx
	1	kmer_filter
	1	merge_alignment_filter
	1	probe_mer_filter
	1	repeat_ID
	1	summary
	11

[Tue Sep 14 19:47:46 2021]
rule generate_jf_count:
    input: data/example.fa
    output: pipeline_output/01_reference_files/01_jf_query_file/genome_query.jf
    jobid: 9
    benchmark: pipeline_output/benchmarks/01_reference_files/01_jf_query_file/jf_count_log.log

Activating conda environment: /net/beliveau/vol1/home/eaguil/tigerfish/github_home/TigerFISH/shared_conda_envs/7ad2eacc
[Tue Sep 14 19:50:05 2021]
Finished job 9.
1 of 11 steps (9%) done

[Tue Sep 14 19:50:05 2021]
rule generate_jf_idx:
    input: data/example.fa, pipeline_output/01_reference_files/01_jf_query_file/genome_query.jf
    output: pipeline_output/01_reference_files/03_jf_idx/chrX_jf_temp.txt, pipeline_output/01_reference_files/03_jf_idx/chrX_index.txt, pipeline_output/01_reference_files/03_jf_idx/repeat_fasta/chrX.fa
    jobid: 7
    benchmark: pipeline_output/benchmarks/01_reference_files/03_jf_idx/chrX_log.log
    wildcards: sample=chrX

Activating conda environment: /net/beliveau/vol1/home/eaguil/tigerfish/github_home/TigerFISH/shared_conda_envs/7ad2eacc
[Tue Sep 14 19:50:41 2021]
Finished job 7.
2 of 11 steps (18%) done

[Tue Sep 14 19:50:41 2021]
rule repeat_ID:
    input: pipeline_output/01_reference_files/03_jf_idx/chrX_jf_temp.txt, pipeline_output/01_reference_files/03_jf_idx/chrX_index.txt, pipeline_output/01_reference_files/03_jf_idx/repeat_fasta/chrX.fa
    output: pipeline_output/02_intermediate_files/01_repeat_ID/w4000_t5_c0.25/chrX_regions.bed
    jobid: 10
    benchmark: pipeline_output/benchmarks/02_intermediate_files/01_repeat_ID/w4000_t5_c0.25/chrX_log.log
    wildcards: window=4000, threshold=5, composition=0.25, sample=chrX

Activating conda environment: /net/beliveau/vol1/home/eaguil/tigerfish/github_home/TigerFISH/shared_conda_envs/7ad2eacc
[Tue Sep 14 19:50:46 2021]
Finished job 10.
3 of 11 steps (27%) done

[Tue Sep 14 19:50:46 2021]
rule design_probes:
    input: pipeline_output/02_intermediate_files/01_repeat_ID/w4000_t5_c0.25/chrX_regions.bed, pipeline_output/01_reference_files/03_jf_idx/repeat_fasta/chrX.fa
    output: pipeline_output/02_intermediate_files/02_designed_probes/w4000_t5_c0.25/chrX_blockParse_probe_df.bed, pipeline_output/02_intermediate_files/02_designed_probes/w4000_t5_c0.25/chrX_probe_regions.fa
    jobid: 8
    benchmark: pipeline_output/benchmarks/02_intermediate_files/02_designed_probes/w4000_t5_c0.25/chrX_log.log
    wildcards: window=4000, threshold=5, composition=0.25, sample=chrX

Activating conda environment: /net/beliveau/vol1/home/eaguil/tigerfish/github_home/TigerFISH/shared_conda_envs/7ad2eacc
[Tue Sep 14 19:51:08 2021]
Finished job 8.
4 of 11 steps (36%) done

[Tue Sep 14 19:51:08 2021]
rule kmer_filter:
    input: pipeline_output/01_reference_files/03_jf_idx/chrX_jf_temp.txt, pipeline_output/02_intermediate_files/02_designed_probes/w4000_t5_c0.25/chrX_blockParse_probe_df.bed, pipeline_output/02_intermediate_files/02_designed_probes/w4000_t5_c0.25/chrX_probe_regions.fa
    output: pipeline_output/02_intermediate_files/03_pre_filter/w4000_t5_c0.25_e0.5_cn10_c5_c1/chrX_probes_pre_filter.txt
    jobid: 6
    benchmark: pipeline_output/benchmarks/02_intermediate_files/03_pre_filter/w4000_t5_c0.25_e0.5_cn10_c5_c1/chrX_log.log
    wildcards: window=4000, threshold=5, composition=0.25, enrich_score=0.5, copy_num=10, c1=5, c2=1, sample=chrX

Activating conda environment: /net/beliveau/vol1/home/eaguil/tigerfish/github_home/TigerFISH/shared_conda_envs/7ad2eacc
[Tue Sep 14 19:51:13 2021]
Finished job 6.
5 of 11 steps (45%) done

[Tue Sep 14 19:51:13 2021]
rule probe_mer_filter:
    input: pipeline_output/02_intermediate_files/03_pre_filter/w4000_t5_c0.25_e0.5_cn10_c5_c1/chrX_probes_pre_filter.txt
    output: pipeline_output/02_intermediate_files/04_post_mer_filter/w4000_t5_c0.25_e0.5_cn10_c5_c1/chrX_probes_mer_filter.txt
    jobid: 5
    benchmark: pipeline_output/benchmarks/02_intermediate_files/04_post_mer_filter/w4000_t5_c0.25_e0.5_cn10_c5_c1/chrX_log.log
    wildcards: window=4000, threshold=5, composition=0.25, enrich_score=0.5, copy_num=10, c1=5, c2=1, sample=chrX

Activating conda environment: /net/beliveau/vol1/home/eaguil/tigerfish/github_home/TigerFISH/shared_conda_envs/7ad2eacc
[Tue Sep 14 19:51:16 2021]
Finished job 5.
6 of 11 steps (55%) done

[Tue Sep 14 19:51:16 2021]
checkpoint gather_repeat_regions:
    input: pipeline_output/02_intermediate_files/04_post_mer_filter/w4000_t5_c0.25_e0.5_cn10_c5_c1/chrX_probes_mer_filter.txt
    output: pipeline_output/02_intermediate_files/05_split_regions/w4000_t5_c0.25_e0.5_cn10_c5_c1/chrX/
    jobid: 4
    benchmark: pipeline_output/benchmarks/02_intermediate_files/05_split_regions/w4000_t5_c0.25_e0.5_cn10_c5_c1/chrX_log.log
    wildcards: window=4000, threshold=5, composition=0.25, enrich_score=0.5, copy_num=10, c1=5, c2=1, sample=chrX
Downstream jobs will be updated after completion.

Activating conda environment: /net/beliveau/vol1/home/eaguil/tigerfish/github_home/TigerFISH/shared_conda_envs/7ad2eacc
Updating job 3 (merge_alignment_filter).
[Tue Sep 14 19:51:20 2021]
Finished job 4.
7 of 13 steps (54%) done

[Tue Sep 14 19:51:20 2021]
rule generate_bt2_indices:
    input: data/example.fa
    output: pipeline_output/01_reference_files/02_bt2_idx/chm13/chm13.1.bt2, pipeline_output/01_reference_files/02_bt2_idx/chm13/chm13.2.bt2, pipeline_output/01_reference_files/02_bt2_idx/chm13/chm13.3.bt2, pipeline_output/01_reference_files/02_bt2_idx/chm13/chm13.4.bt2, pipeline_output/01_reference_files/02_bt2_idx/chm13/chm13.rev.1.bt2, pipeline_output/01_reference_files/02_bt2_idx/chm13/chm13.rev.2.bt2
    jobid: 13
    benchmark: pipeline_output/benchmarks/01_reference_files/02_bt2_idx/bt2_idx_log.log

Activating conda environment: /net/beliveau/vol1/home/eaguil/tigerfish/github_home/TigerFISH/shared_conda_envs/7ad2eacc
[Tue Sep 14 19:51:24 2021]
Finished job 13.
8 of 13 steps (62%) done

[Tue Sep 14 19:51:24 2021]
rule alignment_filter:
    input: pipeline_output/02_intermediate_files/05_split_regions/w4000_t5_c0.25_e0.5_cn10_c5_c1/chrX/chrX:10528-181991.txt, pipeline_output/01_reference_files/02_bt2_idx/chm13/chm13.1.bt2, pipeline_output/01_reference_files/02_bt2_idx/chm13/chm13.2.bt2, pipeline_output/01_reference_files/02_bt2_idx/chm13/chm13.3.bt2, pipeline_output/01_reference_files/02_bt2_idx/chm13/chm13.4.bt2, pipeline_output/01_reference_files/02_bt2_idx/chm13/chm13.rev.1.bt2, pipeline_output/01_reference_files/02_bt2_idx/chm13/chm13.rev.2.bt2
    output: pipeline_output/02_intermediate_files/06_alignment/w4000_t5_c0.25_e0.5_cn10_c5_c1/chrX/chrX:10528-181991_alignment.txt
    jobid: 12
    benchmark: pipeline_output/benchmarks/02_intermediate_files/06_alignment/w4000_t5_c0.25_e0.5_cn10_c5_c1/chrX/chrX:10528-181991.log
    wildcards: window=4000, threshold=5, composition=0.25, enrich_score=0.5, copy_num=10, c1=5, c2=1, sample=chrX, region=chrX:10528-181991

Activating conda environment: /net/beliveau/vol1/home/eaguil/tigerfish/github_home/TigerFISH/shared_conda_envs/7ad2eacc
[Tue Sep 14 19:55:54 2021]
Finished job 12.
9 of 13 steps (69%) done

[Tue Sep 14 19:55:54 2021]
rule merge_alignment_filter:
    input: pipeline_output/02_intermediate_files/06_alignment/w4000_t5_c0.25_e0.5_cn10_c5_c1/chrX/chrX:10528-181991_alignment.txt
    output: pipeline_output/03_output_files/01_all_alignments/chrX/w4000_t5_c0.25_e0.5_cn10_c5_c1/chrX_all_probes.tsv
    jobid: 11
    wildcards: sample=chrX, window=4000, threshold=5, composition=0.25, enrich_score=0.5, copy_num=10, c1=5, c2=1

[Tue Sep 14 19:55:55 2021]
Finished job 11.
10 of 13 steps (77%) done

[Tue Sep 14 19:55:55 2021]
rule summary:
    input: pipeline_output/03_output_files/01_all_alignments/chrX/w4000_t5_c0.25_e0.5_cn10_c5_c1/chrX_all_probes.tsv
    output: pipeline_output/03_output_files/02_probe_summary/w4000_t5_c0.25_e0.5_cn10_c5_c1/chrX_probe_summary.txt
    jobid: 2
    benchmark: pipeline_output/benchmarks/03_output_files/02_probe_summary/w4000_t5_c0.25_e0.5_cn10_c5_c1/chrX_probe_summary.txt
    wildcards: window=4000, threshold=5, composition=0.25, enrich_score=0.5, copy_num=10, c1=5, c2=1, sample=chrX

Activating conda environment: /net/beliveau/vol1/home/eaguil/tigerfish/github_home/TigerFISH/shared_conda_envs/7ad2eacc
[Tue Sep 14 19:55:59 2021]
Finished job 2.
11 of 13 steps (85%) done

[Tue Sep 14 19:55:59 2021]
rule finish:
    input: pipeline_output/03_output_files/02_probe_summary/w4000_t5_c0.25_e0.5_cn10_c5_c1/chrX_probe_summary.txt
    output: pipeline_output/finished/w4000_t5_c0.25_e0.5_cn10_c1_5_c2_1/DONE_chrX.txt
    jobid: 1
    wildcards: window=4000, threshold=5, composition=0.25, enrich_score=0.5, copy_num=10, c1=5, c2=1, sample=chrX

[Tue Sep 14 19:55:59 2021]
Finished job 1.
12 of 13 steps (92%) done

[Tue Sep 14 19:55:59 2021]
localrule all:
    input: pipeline_output/finished/w4000_t5_c0.25_e0.5_cn10_c1_5_c2_1/DONE_chrX.txt
    jobid: 0

[Tue Sep 14 19:55:59 2021]
Finished job 0.
13 of 13 steps (100%) done
Complete log: /net/beliveau/vol1/home/eaguil/tigerfish/github_home/TigerFISH/example_run/main/.snakemake/log/2021-09-14T194744.125119.snakemake.log
