Building DAG of jobs...
Using shell: /usr/bin/bash
Provided cores: 12
Rules claiming more threads will be scaled down.
Job counts:
	count	jobs
	1	alignment_filter
	1	all
	1	design_probes
	1	finish
	1	generate_jf_idx
	1	kmer_filter
	1	probe_mer_filter
	1	split_bed
	1	summary
	9

[Tue Sep 14 17:14:48 2021]
rule split_bed:
    input: data/dxz4_synthetic.bed
    output: pipeline_output/02_intermediate_files/01_split_bed/w4000_t5_c0.25/chrX_regions.bed
    jobid: 10
    benchmark: pipeline_output/benchmarks/02_intermediate_files/01_split_bed/w4000_t5_c0.25/chrX_log.log
    wildcards: window=4000, threshold=5, composition=0.25, sample=chrX


[Tue Sep 14 17:14:48 2021]
rule generate_jf_idx:
    input: data/example.fa, pipeline_output/01_reference_files/01_jf_query_file/genome_query.jf
    output: pipeline_output/01_reference_files/03_jf_idx/chrX_jf_temp.txt, pipeline_output/01_reference_files/03_jf_idx/chrX_index.txt, pipeline_output/01_reference_files/03_jf_idx/repeat_fasta/chrX.fa
    jobid: 7
    benchmark: pipeline_output/benchmarks/01_reference_files/03_jf_idx/chrX_log.log
    wildcards: sample=chrX

Activating conda environment: /net/beliveau/vol1/home/eaguil/tigerfish/github_home/TigerFISH/shared_conda_envs/7ad2eacc
Activating conda environment: /net/beliveau/vol1/home/eaguil/tigerfish/github_home/TigerFISH/shared_conda_envs/7ad2eacc
[Tue Sep 14 17:14:54 2021]
Error in rule generate_jf_idx:
    jobid: 7
    output: pipeline_output/01_reference_files/03_jf_idx/chrX_jf_temp.txt, pipeline_output/01_reference_files/03_jf_idx/chrX_index.txt, pipeline_output/01_reference_files/03_jf_idx/repeat_fasta/chrX.fa
    conda-env: /net/beliveau/vol1/home/eaguil/tigerfish/github_home/TigerFISH/shared_conda_envs/7ad2eacc
    shell:
        python ../../workflow/scripts/generate_jf_idx.py -f data/example.fa -j pipeline_output/01_reference_files/01_jf_query_file/genome_query.jf -c chrX -m 18 -f_o pipeline_output/01_reference_files/03_jf_idx/repeat_fasta/chrX.fa -j_o pipeline_output/01_reference_files/03_jf_idx/chrX_jf_temp.txt -i pipeline_output/01_reference_files/03_jf_idx/chrX_index.txt
        (one of the commands exited with non-zero exit code; note that snakemake uses bash strict mode!)

Trying to restart job 7.

[Tue Sep 14 17:14:54 2021]
rule generate_jf_idx:
    input: data/example.fa, pipeline_output/01_reference_files/01_jf_query_file/genome_query.jf
    output: pipeline_output/01_reference_files/03_jf_idx/chrX_jf_temp.txt, pipeline_output/01_reference_files/03_jf_idx/chrX_index.txt, pipeline_output/01_reference_files/03_jf_idx/repeat_fasta/chrX.fa
    jobid: 7
    benchmark: pipeline_output/benchmarks/01_reference_files/03_jf_idx/chrX_log.log
    wildcards: sample=chrX

[Tue Sep 14 17:14:54 2021]
Error in rule split_bed:
    jobid: 10
    output: pipeline_output/02_intermediate_files/01_split_bed/w4000_t5_c0.25/chrX_regions.bed
    conda-env: /net/beliveau/vol1/home/eaguil/tigerfish/github_home/TigerFISH/shared_conda_envs/7ad2eacc
    shell:
        python ../../scripts/tigerfish_main/split_bed.py -b data/dxz4_synthetic.bed -c chrX -o pipeline_output/02_intermediate_files/01_split_bed/w4000_t5_c0.25/chrX_regions.bed
        (one of the commands exited with non-zero exit code; note that snakemake uses bash strict mode!)

Trying to restart job 10.

[Tue Sep 14 17:14:54 2021]
rule split_bed:
    input: data/dxz4_synthetic.bed
    output: pipeline_output/02_intermediate_files/01_split_bed/w4000_t5_c0.25/chrX_regions.bed
    jobid: 10
    benchmark: pipeline_output/benchmarks/02_intermediate_files/01_split_bed/w4000_t5_c0.25/chrX_log.log
    wildcards: window=4000, threshold=5, composition=0.25, sample=chrX

Activating conda environment: /net/beliveau/vol1/home/eaguil/tigerfish/github_home/TigerFISH/shared_conda_envs/7ad2eacc
Activating conda environment: /net/beliveau/vol1/home/eaguil/tigerfish/github_home/TigerFISH/shared_conda_envs/7ad2eacc
[Tue Sep 14 17:14:57 2021]
[Tue Sep 14 17:14:57 2021]
Error in rule generate_jf_idx:
Error in rule split_bed:
    jobid: 7
    jobid: 10
    output: pipeline_output/01_reference_files/03_jf_idx/chrX_jf_temp.txt, pipeline_output/01_reference_files/03_jf_idx/chrX_index.txt, pipeline_output/01_reference_files/03_jf_idx/repeat_fasta/chrX.fa
    output: pipeline_output/02_intermediate_files/01_split_bed/w4000_t5_c0.25/chrX_regions.bed
    conda-env: /net/beliveau/vol1/home/eaguil/tigerfish/github_home/TigerFISH/shared_conda_envs/7ad2eacc
    conda-env: /net/beliveau/vol1/home/eaguil/tigerfish/github_home/TigerFISH/shared_conda_envs/7ad2eacc
    shell:
        python ../../workflow/scripts/generate_jf_idx.py -f data/example.fa -j pipeline_output/01_reference_files/01_jf_query_file/genome_query.jf -c chrX -m 18 -f_o pipeline_output/01_reference_files/03_jf_idx/repeat_fasta/chrX.fa -j_o pipeline_output/01_reference_files/03_jf_idx/chrX_jf_temp.txt -i pipeline_output/01_reference_files/03_jf_idx/chrX_index.txt
        (one of the commands exited with non-zero exit code; note that snakemake uses bash strict mode!)
    shell:
        python ../../scripts/tigerfish_main/split_bed.py -b data/dxz4_synthetic.bed -c chrX -o pipeline_output/02_intermediate_files/01_split_bed/w4000_t5_c0.25/chrX_regions.bed
        (one of the commands exited with non-zero exit code; note that snakemake uses bash strict mode!)


Trying to restart job 7.
Trying to restart job 10.

[Tue Sep 14 17:14:57 2021]
rule split_bed:
    input: data/dxz4_synthetic.bed
    output: pipeline_output/02_intermediate_files/01_split_bed/w4000_t5_c0.25/chrX_regions.bed
    jobid: 10
    benchmark: pipeline_output/benchmarks/02_intermediate_files/01_split_bed/w4000_t5_c0.25/chrX_log.log
    wildcards: window=4000, threshold=5, composition=0.25, sample=chrX


[Tue Sep 14 17:14:57 2021]
rule generate_jf_idx:
    input: data/example.fa, pipeline_output/01_reference_files/01_jf_query_file/genome_query.jf
    output: pipeline_output/01_reference_files/03_jf_idx/chrX_jf_temp.txt, pipeline_output/01_reference_files/03_jf_idx/chrX_index.txt, pipeline_output/01_reference_files/03_jf_idx/repeat_fasta/chrX.fa
    jobid: 7
    benchmark: pipeline_output/benchmarks/01_reference_files/03_jf_idx/chrX_log.log
    wildcards: sample=chrX

Activating conda environment: /net/beliveau/vol1/home/eaguil/tigerfish/github_home/TigerFISH/shared_conda_envs/7ad2eacc
Activating conda environment: /net/beliveau/vol1/home/eaguil/tigerfish/github_home/TigerFISH/shared_conda_envs/7ad2eacc
[Tue Sep 14 17:15:00 2021]
Error in rule split_bed:
    jobid: 10
    output: pipeline_output/02_intermediate_files/01_split_bed/w4000_t5_c0.25/chrX_regions.bed
    conda-env: /net/beliveau/vol1/home/eaguil/tigerfish/github_home/TigerFISH/shared_conda_envs/7ad2eacc
    shell:
        python ../../scripts/tigerfish_main/split_bed.py -b data/dxz4_synthetic.bed -c chrX -o pipeline_output/02_intermediate_files/01_split_bed/w4000_t5_c0.25/chrX_regions.bed
        (one of the commands exited with non-zero exit code; note that snakemake uses bash strict mode!)

Trying to restart job 10.

[Tue Sep 14 17:15:00 2021]
rule split_bed:
    input: data/dxz4_synthetic.bed
    output: pipeline_output/02_intermediate_files/01_split_bed/w4000_t5_c0.25/chrX_regions.bed
    jobid: 10
    benchmark: pipeline_output/benchmarks/02_intermediate_files/01_split_bed/w4000_t5_c0.25/chrX_log.log
    wildcards: window=4000, threshold=5, composition=0.25, sample=chrX

[Tue Sep 14 17:15:00 2021]
Error in rule generate_jf_idx:
    jobid: 7
    output: pipeline_output/01_reference_files/03_jf_idx/chrX_jf_temp.txt, pipeline_output/01_reference_files/03_jf_idx/chrX_index.txt, pipeline_output/01_reference_files/03_jf_idx/repeat_fasta/chrX.fa
    conda-env: /net/beliveau/vol1/home/eaguil/tigerfish/github_home/TigerFISH/shared_conda_envs/7ad2eacc
    shell:
        python ../../workflow/scripts/generate_jf_idx.py -f data/example.fa -j pipeline_output/01_reference_files/01_jf_query_file/genome_query.jf -c chrX -m 18 -f_o pipeline_output/01_reference_files/03_jf_idx/repeat_fasta/chrX.fa -j_o pipeline_output/01_reference_files/03_jf_idx/chrX_jf_temp.txt -i pipeline_output/01_reference_files/03_jf_idx/chrX_index.txt
        (one of the commands exited with non-zero exit code; note that snakemake uses bash strict mode!)

Trying to restart job 7.

[Tue Sep 14 17:15:00 2021]
rule generate_jf_idx:
    input: data/example.fa, pipeline_output/01_reference_files/01_jf_query_file/genome_query.jf
    output: pipeline_output/01_reference_files/03_jf_idx/chrX_jf_temp.txt, pipeline_output/01_reference_files/03_jf_idx/chrX_index.txt, pipeline_output/01_reference_files/03_jf_idx/repeat_fasta/chrX.fa
    jobid: 7
    benchmark: pipeline_output/benchmarks/01_reference_files/03_jf_idx/chrX_log.log
    wildcards: sample=chrX

Activating conda environment: /net/beliveau/vol1/home/eaguil/tigerfish/github_home/TigerFISH/shared_conda_envs/7ad2eacc
Activating conda environment: /net/beliveau/vol1/home/eaguil/tigerfish/github_home/TigerFISH/shared_conda_envs/7ad2eacc
[Tue Sep 14 17:15:03 2021]
Error in rule split_bed:
    jobid: 10
    output: pipeline_output/02_intermediate_files/01_split_bed/w4000_t5_c0.25/chrX_regions.bed
    conda-env: /net/beliveau/vol1/home/eaguil/tigerfish/github_home/TigerFISH/shared_conda_envs/7ad2eacc
    shell:
        python ../../scripts/tigerfish_main/split_bed.py -b data/dxz4_synthetic.bed -c chrX -o pipeline_output/02_intermediate_files/01_split_bed/w4000_t5_c0.25/chrX_regions.bed
        (one of the commands exited with non-zero exit code; note that snakemake uses bash strict mode!)

[Tue Sep 14 17:15:03 2021]
Error in rule generate_jf_idx:
    jobid: 7
    output: pipeline_output/01_reference_files/03_jf_idx/chrX_jf_temp.txt, pipeline_output/01_reference_files/03_jf_idx/chrX_index.txt, pipeline_output/01_reference_files/03_jf_idx/repeat_fasta/chrX.fa
    conda-env: /net/beliveau/vol1/home/eaguil/tigerfish/github_home/TigerFISH/shared_conda_envs/7ad2eacc
    shell:
        python ../../workflow/scripts/generate_jf_idx.py -f data/example.fa -j pipeline_output/01_reference_files/01_jf_query_file/genome_query.jf -c chrX -m 18 -f_o pipeline_output/01_reference_files/03_jf_idx/repeat_fasta/chrX.fa -j_o pipeline_output/01_reference_files/03_jf_idx/chrX_jf_temp.txt -i pipeline_output/01_reference_files/03_jf_idx/chrX_index.txt
        (one of the commands exited with non-zero exit code; note that snakemake uses bash strict mode!)

Shutting down, this might take some time.
Exiting because a job execution failed. Look above for error message
Complete log: /net/beliveau/vol1/home/eaguil/tigerfish/github_home/TigerFISH/example_run/main/.snakemake/log/2021-09-14T171447.895030.snakemake.log
