Building DAG of jobs...
Removing incomplete Conda environment /net/beliveau/vol1/home/eaguil/tigerfish/github_home/TigerFISH/workflow/Snakefiles/tigerfish_main/../../envs/tigerfish.yml...
Creating conda environment /net/beliveau/vol1/home/eaguil/tigerfish/github_home/TigerFISH/workflow/Snakefiles/tigerfish_main/../../envs/tigerfish.yml...
Downloading and installing remote packages.
Environment for ../../workflow/envs/tigerfish.yml created (location: ../../shared_conda_envs/7ad2eacc)
Using shell: /usr/bin/bash
Provided cores: 12
Rules claiming more threads will be scaled down.
Job counts:
	count	jobs
	1	alignment_filter
	1	all
	1	design_probes
	1	finish
	1	generate_bt2_indices
	1	generate_jf_count
	1	generate_jf_idx
	1	kmer_filter
	1	probe_mer_filter
	1	split_bed
	1	summary
	11

[Tue Sep 14 16:44:39 2021]
rule generate_jf_count:
    input: data/example.fa
    output: pipeline_output/01_reference_files/01_jf_query_file/genome_query.jf
    jobid: 9
    benchmark: pipeline_output/benchmarks/01_reference_files/01_jf_query_file/jf_count_log.log


[Tue Sep 14 16:44:39 2021]
rule generate_bt2_indices:
    input: data/example.fa
    output: pipeline_output/01_reference_files/02_bt2_idx/chm13/chm13.1.bt2, pipeline_output/01_reference_files/02_bt2_idx/chm13/chm13.2.bt2, pipeline_output/01_reference_files/02_bt2_idx/chm13/chm13.3.bt2, pipeline_output/01_reference_files/02_bt2_idx/chm13/chm13.4.bt2, pipeline_output/01_reference_files/02_bt2_idx/chm13/chm13.rev.1.bt2, pipeline_output/01_reference_files/02_bt2_idx/chm13/chm13.rev.2.bt2
    jobid: 5
    benchmark: pipeline_output/benchmarks/01_reference_files/02_bt2_idx/bt2_idx_log.log


[Tue Sep 14 16:44:39 2021]
rule split_bed:
    input: data/dxz4_synthetic.bed
    output: pipeline_output/02_intermediate_files/01_split_bed/w4000_t5_c0.25/chrX_regions.bed
    jobid: 10
    benchmark: pipeline_output/benchmarks/02_intermediate_files/01_split_bed/w4000_t5_c0.25/chrX_log.log
    wildcards: window=4000, threshold=5, composition=0.25, sample=chrX

Activating conda environment: /net/beliveau/vol1/home/eaguil/tigerfish/github_home/TigerFISH/shared_conda_envs/7ad2eacc
Activating conda environment: /net/beliveau/vol1/home/eaguil/tigerfish/github_home/TigerFISH/shared_conda_envs/7ad2eacc
Activating conda environment: /net/beliveau/vol1/home/eaguil/tigerfish/github_home/TigerFISH/shared_conda_envs/7ad2eacc
[Tue Sep 14 16:44:44 2021]
Error in rule split_bed:
    jobid: 10
    output: pipeline_output/02_intermediate_files/01_split_bed/w4000_t5_c0.25/chrX_regions.bed
    conda-env: /net/beliveau/vol1/home/eaguil/tigerfish/github_home/TigerFISH/shared_conda_envs/7ad2eacc
    shell:
        python ../../scripts/tigerfish_main/split_bed.py -b data/dxz4_synthetic.bed -c chrX -o pipeline_output/02_intermediate_files/01_split_bed/w4000_t5_c0.25/chrX_regions.bed
        (one of the commands exited with non-zero exit code; note that snakemake uses bash strict mode!)

Trying to restart job 10.

[Tue Sep 14 16:44:44 2021]
rule split_bed:
    input: data/dxz4_synthetic.bed
    output: pipeline_output/02_intermediate_files/01_split_bed/w4000_t5_c0.25/chrX_regions.bed
    jobid: 10
    benchmark: pipeline_output/benchmarks/02_intermediate_files/01_split_bed/w4000_t5_c0.25/chrX_log.log
    wildcards: window=4000, threshold=5, composition=0.25, sample=chrX

[Tue Sep 14 16:44:46 2021]
Finished job 5.
1 of 11 steps (9%) done
Activating conda environment: /net/beliveau/vol1/home/eaguil/tigerfish/github_home/TigerFISH/shared_conda_envs/7ad2eacc
[Tue Sep 14 16:44:47 2021]
Error in rule split_bed:
    jobid: 10
    output: pipeline_output/02_intermediate_files/01_split_bed/w4000_t5_c0.25/chrX_regions.bed
    conda-env: /net/beliveau/vol1/home/eaguil/tigerfish/github_home/TigerFISH/shared_conda_envs/7ad2eacc
    shell:
        python ../../scripts/tigerfish_main/split_bed.py -b data/dxz4_synthetic.bed -c chrX -o pipeline_output/02_intermediate_files/01_split_bed/w4000_t5_c0.25/chrX_regions.bed
        (one of the commands exited with non-zero exit code; note that snakemake uses bash strict mode!)

Trying to restart job 10.

[Tue Sep 14 16:44:47 2021]
rule split_bed:
    input: data/dxz4_synthetic.bed
    output: pipeline_output/02_intermediate_files/01_split_bed/w4000_t5_c0.25/chrX_regions.bed
    jobid: 10
    benchmark: pipeline_output/benchmarks/02_intermediate_files/01_split_bed/w4000_t5_c0.25/chrX_log.log
    wildcards: window=4000, threshold=5, composition=0.25, sample=chrX

Activating conda environment: /net/beliveau/vol1/home/eaguil/tigerfish/github_home/TigerFISH/shared_conda_envs/7ad2eacc
[Tue Sep 14 16:44:49 2021]
Error in rule split_bed:
    jobid: 10
    output: pipeline_output/02_intermediate_files/01_split_bed/w4000_t5_c0.25/chrX_regions.bed
    conda-env: /net/beliveau/vol1/home/eaguil/tigerfish/github_home/TigerFISH/shared_conda_envs/7ad2eacc
    shell:
        python ../../scripts/tigerfish_main/split_bed.py -b data/dxz4_synthetic.bed -c chrX -o pipeline_output/02_intermediate_files/01_split_bed/w4000_t5_c0.25/chrX_regions.bed
        (one of the commands exited with non-zero exit code; note that snakemake uses bash strict mode!)

Trying to restart job 10.

[Tue Sep 14 16:44:49 2021]
rule split_bed:
    input: data/dxz4_synthetic.bed
    output: pipeline_output/02_intermediate_files/01_split_bed/w4000_t5_c0.25/chrX_regions.bed
    jobid: 10
    benchmark: pipeline_output/benchmarks/02_intermediate_files/01_split_bed/w4000_t5_c0.25/chrX_log.log
    wildcards: window=4000, threshold=5, composition=0.25, sample=chrX

Activating conda environment: /net/beliveau/vol1/home/eaguil/tigerfish/github_home/TigerFISH/shared_conda_envs/7ad2eacc
[Tue Sep 14 16:44:51 2021]
Error in rule split_bed:
    jobid: 10
    output: pipeline_output/02_intermediate_files/01_split_bed/w4000_t5_c0.25/chrX_regions.bed
    conda-env: /net/beliveau/vol1/home/eaguil/tigerfish/github_home/TigerFISH/shared_conda_envs/7ad2eacc
    shell:
        python ../../scripts/tigerfish_main/split_bed.py -b data/dxz4_synthetic.bed -c chrX -o pipeline_output/02_intermediate_files/01_split_bed/w4000_t5_c0.25/chrX_regions.bed
        (one of the commands exited with non-zero exit code; note that snakemake uses bash strict mode!)

[Tue Sep 14 16:45:52 2021]
Finished job 9.
2 of 11 steps (18%) done
Shutting down, this might take some time.
Exiting because a job execution failed. Look above for error message
Complete log: /net/beliveau/vol1/home/eaguil/tigerfish/github_home/TigerFISH/example_run/main/.snakemake/log/2021-09-14T162735.168960.snakemake.log
