Building DAG of jobs...
Using shell: /usr/bin/bash
Provided cores: 12
Rules claiming more threads will be scaled down.
Job counts:
	count	jobs
	1	alignment_filter
	1	all
	1	design_probes
	1	finish
	1	generate_bt2_indices
	1	generate_jf_count
	1	generate_jf_idx
	1	kmer_filter
	1	probe_mer_filter
	1	split_bed
	1	summary
	11

[Tue Sep 14 18:35:50 2021]
rule generate_jf_count:
    input: data/example.fa
    output: pipeline_output/01_reference_files/01_jf_query_file/genome_query.jf
    jobid: 9
    benchmark: pipeline_output/benchmarks/01_reference_files/01_jf_query_file/jf_count_log.log


[Tue Sep 14 18:35:50 2021]
rule split_bed:
    input: data/dxz4_synthetic.bed
    output: pipeline_output/02_intermediate_files/01_split_bed/w4000_t5_c0.25/chrX_regions.bed
    jobid: 10
    benchmark: pipeline_output/benchmarks/02_intermediate_files/01_split_bed/w4000_t5_c0.25/chrX_log.log
    wildcards: window=4000, threshold=5, composition=0.25, sample=chrX


[Tue Sep 14 18:35:50 2021]
rule generate_bt2_indices:
    input: data/example.fa
    output: pipeline_output/01_reference_files/02_bt2_idx/chm13/chm13.1.bt2, pipeline_output/01_reference_files/02_bt2_idx/chm13/chm13.2.bt2, pipeline_output/01_reference_files/02_bt2_idx/chm13/chm13.3.bt2, pipeline_output/01_reference_files/02_bt2_idx/chm13/chm13.4.bt2, pipeline_output/01_reference_files/02_bt2_idx/chm13/chm13.rev.1.bt2, pipeline_output/01_reference_files/02_bt2_idx/chm13/chm13.rev.2.bt2
    jobid: 5
    benchmark: pipeline_output/benchmarks/01_reference_files/02_bt2_idx/bt2_idx_log.log

Activating conda environment: /net/beliveau/vol1/home/eaguil/tigerfish/github_home/TigerFISH/shared_conda_envs/7ad2eacc
Activating conda environment: /net/beliveau/vol1/home/eaguil/tigerfish/github_home/TigerFISH/shared_conda_envs/7ad2eacc
Activating conda environment: /net/beliveau/vol1/home/eaguil/tigerfish/github_home/TigerFISH/shared_conda_envs/7ad2eacc
[Tue Sep 14 18:36:01 2021]
Finished job 10.
1 of 11 steps (9%) done
[Tue Sep 14 18:36:02 2021]
Finished job 5.
2 of 11 steps (18%) done
[Tue Sep 14 18:37:07 2021]
Finished job 9.
3 of 11 steps (27%) done

[Tue Sep 14 18:37:07 2021]
rule generate_jf_idx:
    input: data/example.fa, pipeline_output/01_reference_files/01_jf_query_file/genome_query.jf
    output: pipeline_output/01_reference_files/03_jf_idx/chrX_jf_temp.txt, pipeline_output/01_reference_files/03_jf_idx/chrX_index.txt, pipeline_output/01_reference_files/03_jf_idx/repeat_fasta/chrX.fa
    jobid: 7
    benchmark: pipeline_output/benchmarks/01_reference_files/03_jf_idx/chrX_log.log
    wildcards: sample=chrX

Activating conda environment: /net/beliveau/vol1/home/eaguil/tigerfish/github_home/TigerFISH/shared_conda_envs/7ad2eacc
[Tue Sep 14 18:37:12 2021]
Finished job 7.
4 of 11 steps (36%) done

[Tue Sep 14 18:37:12 2021]
rule design_probes:
    input: pipeline_output/02_intermediate_files/01_split_bed/w4000_t5_c0.25/chrX_regions.bed, pipeline_output/01_reference_files/03_jf_idx/repeat_fasta/chrX.fa
    output: pipeline_output/02_intermediate_files/02_designed_probes/w4000_t5_c0.25/chrX_blockParse_probe_df.bed, pipeline_output/02_intermediate_files/02_designed_probes/w4000_t5_c0.25/chrX_probe_regions.fa
    jobid: 8
    benchmark: pipeline_output/benchmarks/02_intermediate_files/02_designed_probes/w4000_t5_c0.25/chrX_log.log
    wildcards: window=4000, threshold=5, composition=0.25, sample=chrX

Activating conda environment: /net/beliveau/vol1/home/eaguil/tigerfish/github_home/TigerFISH/shared_conda_envs/7ad2eacc
[Tue Sep 14 18:37:34 2021]
Finished job 8.
5 of 11 steps (45%) done

[Tue Sep 14 18:37:34 2021]
rule kmer_filter:
    input: pipeline_output/01_reference_files/03_jf_idx/chrX_jf_temp.txt, pipeline_output/02_intermediate_files/02_designed_probes/w4000_t5_c0.25/chrX_blockParse_probe_df.bed, pipeline_output/02_intermediate_files/02_designed_probes/w4000_t5_c0.25/chrX_probe_regions.fa
    output: pipeline_output/02_intermediate_files/03_pre_filter/w4000_t5_c0.25_e0.5_cn10_c5_c1/chrX_probes_pre_filter.txt
    jobid: 6
    benchmark: pipeline_output/benchmarks/02_intermediate_files/03_pre_filter/w4000_t5_c0.25_e0.5_cn10_c5_c1/chrX_log.log
    wildcards: window=4000, threshold=5, composition=0.25, enrich_score=0.5, copy_num=10, c1=5, c2=1, sample=chrX

Activating conda environment: /net/beliveau/vol1/home/eaguil/tigerfish/github_home/TigerFISH/shared_conda_envs/7ad2eacc
[Tue Sep 14 18:37:38 2021]
Finished job 6.
6 of 11 steps (55%) done

[Tue Sep 14 18:37:38 2021]
rule probe_mer_filter:
    input: pipeline_output/02_intermediate_files/03_pre_filter/w4000_t5_c0.25_e0.5_cn10_c5_c1/chrX_probes_pre_filter.txt
    output: pipeline_output/02_intermediate_files/04_post_mer_filter/w4000_t5_c0.25_e0.5_cn10_c5_c1/chrX_probes_mer_filter.txt
    jobid: 4
    benchmark: pipeline_output/benchmarks/02_intermediate_files/04_post_mer_filter/w4000_t5_c0.25_e0.5_cn10_c5_c1/chrX_log.log
    wildcards: window=4000, threshold=5, composition=0.25, enrich_score=0.5, copy_num=10, c1=5, c2=1, sample=chrX

Activating conda environment: /net/beliveau/vol1/home/eaguil/tigerfish/github_home/TigerFISH/shared_conda_envs/7ad2eacc
[Tue Sep 14 18:37:42 2021]
Finished job 4.
7 of 11 steps (64%) done

[Tue Sep 14 18:37:42 2021]
rule alignment_filter:
    input: pipeline_output/02_intermediate_files/04_post_mer_filter/w4000_t5_c0.25_e0.5_cn10_c5_c1/chrX_probes_mer_filter.txt, pipeline_output/01_reference_files/02_bt2_idx/chm13/chm13.1.bt2, pipeline_output/01_reference_files/02_bt2_idx/chm13/chm13.2.bt2, pipeline_output/01_reference_files/02_bt2_idx/chm13/chm13.3.bt2, pipeline_output/01_reference_files/02_bt2_idx/chm13/chm13.4.bt2, pipeline_output/01_reference_files/02_bt2_idx/chm13/chm13.rev.1.bt2, pipeline_output/01_reference_files/02_bt2_idx/chm13/chm13.rev.2.bt2
    output: pipeline_output/03_output_files/01_alignment/w4000_t5_c0.25_e0.5_cn10_c5_c1/chrX_all_probes.tsv
    jobid: 3
    benchmark: pipeline_output/benchmarks/03_output_files/01_alignment/w4000_t5_c0.25_e0.5_cn10_c5_c1/chrX.log
    wildcards: window=4000, threshold=5, composition=0.25, enrich_score=0.5, copy_num=10, c1=5, c2=1, sample=chrX

Activating conda environment: /net/beliveau/vol1/home/eaguil/tigerfish/github_home/TigerFISH/shared_conda_envs/7ad2eacc
[Tue Sep 14 18:42:13 2021]
Finished job 3.
8 of 11 steps (73%) done

[Tue Sep 14 18:42:13 2021]
rule summary:
    input: pipeline_output/03_output_files/01_alignment/w4000_t5_c0.25_e0.5_cn10_c5_c1/chrX_all_probes.tsv
    output: pipeline_output/03_output_files/02_probe_summary/w4000_t5_c0.25_e0.5_cn10_c5_c1/chrX_probe_summary.txt
    jobid: 2
    benchmark: pipeline_output/benchmarks/03_output_files/02_probe_summary/w4000_t5_c0.25_e0.5_cn10_c5_c1/chrX_probe_summary.txt
    wildcards: window=4000, threshold=5, composition=0.25, enrich_score=0.5, copy_num=10, c1=5, c2=1, sample=chrX

Activating conda environment: /net/beliveau/vol1/home/eaguil/tigerfish/github_home/TigerFISH/shared_conda_envs/7ad2eacc
[Tue Sep 14 18:42:17 2021]
Finished job 2.
9 of 11 steps (82%) done

[Tue Sep 14 18:42:17 2021]
rule finish:
    input: pipeline_output/03_output_files/02_probe_summary/w4000_t5_c0.25_e0.5_cn10_c5_c1/chrX_probe_summary.txt
    output: pipeline_output/finished/w4000_t5_c0.25_e0.5_cn10_c1_5_c2_1/DONE_chrX.txt
    jobid: 1
    wildcards: window=4000, threshold=5, composition=0.25, enrich_score=0.5, copy_num=10, c1=5, c2=1, sample=chrX

[Tue Sep 14 18:42:17 2021]
Finished job 1.
10 of 11 steps (91%) done

[Tue Sep 14 18:42:17 2021]
localrule all:
    input: pipeline_output/finished/w4000_t5_c0.25_e0.5_cn10_c1_5_c2_1/DONE_chrX.txt
    jobid: 0

[Tue Sep 14 18:42:17 2021]
Finished job 0.
11 of 11 steps (100%) done
Complete log: /net/beliveau/vol1/home/eaguil/tigerfish/github_home/TigerFISH/example_run/main/.snakemake/log/2021-09-14T183549.858781.snakemake.log
